Determining if the pthread_create exist failed with the following output:
Change Dir: /cise/homes/psainath/Desktop/project3sainath/build/CMakeFiles/CMakeTmp

Run Build Command:/usr/bin/make "cmTryCompileExec1109257428/fast"
/usr/bin/make -f CMakeFiles/cmTryCompileExec1109257428.dir/build.make CMakeFiles/cmTryCompileExec1109257428.dir/build
make[1]: Entering directory `/cise/homes/psainath/Desktop/project3sainath/build/CMakeFiles/CMakeTmp'
/usr/bin/cmake -E cmake_progress_report /cise/homes/psainath/Desktop/project3sainath/build/CMakeFiles/CMakeTmp/CMakeFiles 1
Building C object CMakeFiles/cmTryCompileExec1109257428.dir/CheckSymbolExists.c.o
/usr/bin/cc    -o CMakeFiles/cmTryCompileExec1109257428.dir/CheckSymbolExists.c.o   -c /cise/homes/psainath/Desktop/project3sainath/build/CMakeFiles/CMakeTmp/CheckSymbolExists.c
Linking C executable cmTryCompileExec1109257428
/usr/bin/cmake -E cmake_link_script CMakeFiles/cmTryCompileExec1109257428.dir/link.txt --verbose=1
/usr/bin/cc       CMakeFiles/cmTryCompileExec1109257428.dir/CheckSymbolExists.c.o  -o cmTryCompileExec1109257428 -rdynamic 
CMakeFiles/cmTryCompileExec1109257428.dir/CheckSymbolExists.c.o: In function `main':
CheckSymbolExists.c:(.text+0x16): undefined reference to `pthread_create'
collect2: error: ld returned 1 exit status
make[1]: *** [cmTryCompileExec1109257428] Error 1
make[1]: Leaving directory `/cise/homes/psainath/Desktop/project3sainath/build/CMakeFiles/CMakeTmp'
make: *** [cmTryCompileExec1109257428/fast] Error 2

File /cise/homes/psainath/Desktop/project3sainath/build/CMakeFiles/CMakeTmp/CheckSymbolExists.c:
/* */
#include <pthread.h>

int main(int argc, char** argv)
{
  (void)argv;
#ifndef pthread_create
  return ((int*)(&pthread_create))[argc];
#else
  (void)argc;
  return 0;
#endif
}

Determining if the function pthread_create exists in the pthreads failed with the following output:
Change Dir: /cise/homes/psainath/Desktop/project3sainath/build/CMakeFiles/CMakeTmp

Run Build Command:/usr/bin/make "cmTryCompileExec1604736581/fast"
/usr/bin/make -f CMakeFiles/cmTryCompileExec1604736581.dir/build.make CMakeFiles/cmTryCompileExec1604736581.dir/build
make[1]: Entering directory `/cise/homes/psainath/Desktop/project3sainath/build/CMakeFiles/CMakeTmp'
/usr/bin/cmake -E cmake_progress_report /cise/homes/psainath/Desktop/project3sainath/build/CMakeFiles/CMakeTmp/CMakeFiles 1
Building C object CMakeFiles/cmTryCompileExec1604736581.dir/CheckFunctionExists.c.o
/usr/bin/cc   -DCHECK_FUNCTION_EXISTS=pthread_create   -o CMakeFiles/cmTryCompileExec1604736581.dir/CheckFunctionExists.c.o   -c /usr/share/cmake-2.8/Modules/CheckFunctionExists.c
Linking C executable cmTryCompileExec1604736581
/usr/bin/cmake -E cmake_link_script CMakeFiles/cmTryCompileExec1604736581.dir/link.txt --verbose=1
/usr/bin/cc   -DCHECK_FUNCTION_EXISTS=pthread_create    CMakeFiles/cmTryCompileExec1604736581.dir/CheckFunctionExists.c.o  -o cmTryCompileExec1604736581 -rdynamic -lpthreads 
/usr/bin/ld: cannot find -lpthreads
collect2: error: ld returned 1 exit status
make[1]: *** [cmTryCompileExec1604736581] Error 1
make[1]: Leaving directory `/cise/homes/psainath/Desktop/project3sainath/build/CMakeFiles/CMakeTmp'
make: *** [cmTryCompileExec1604736581/fast] Error 2


